<?xml version="1.0" encoding="UTF-8"?>
<!-- Generated by org.testng.reporters.JUnitReportReporter -->
<testsuite hostname="DESKTOP-IA7IRBV" failures="0" tests="1" name="rahulshettyacademy.Test.ErrorValidations" time="6.895" errors="0" timestamp="2024-08-16T09:51:08 IST" skipped="0">
  <testcase classname="rahulshettyacademy.Test.ErrorValidations" name="submitOrder" time="6.895"/>
</testsuite> <!-- rahulshettyacademy.Test.ErrorValidations -->
