<?xml version="1.0" encoding="UTF-8"?>
<!-- Generated by org.testng.reporters.JUnitReportReporter -->
<testsuite hostname="DESKTOP-IA7IRBV" failures="0" tests="2" name="rahulshettyacademy.Test.ErrorValidationsTest" time="32.392" errors="0" timestamp="2024-08-25T13:58:08 IST" skipped="0">
  <testcase classname="rahulshettyacademy.Test.ErrorValidationsTest" name="LoginErrorValidation" time="12.809"/>
  <testcase classname="rahulshettyacademy.Test.ErrorValidationsTest" name="productErrorValidation" time="19.583"/>
</testsuite> <!-- rahulshettyacademy.Test.ErrorValidationsTest -->
